2024-05-25 23:46:59 - Home Assistant monitoring script started.
2024-05-25 23:46:59 - Home Assistant is responsive.
2024-05-25 23:50:14 - Home Assistant monitoring script started.
2024-05-25 23:50:14 - Home Assistant is responsive.
2024-05-25 23:53:33 - Home Assistant monitoring script started.
2024-05-25 23:53:33 - Home Assistant is responsive.
2024-05-25 23:53:33 - Failed to send notification Test to http://homeassistant.local:8123/api/webhook/-I9Gg3IjetYZom8gKDqYKCqCQ
2024-05-26 00:01:39 - Home Assistant monitoring script started.
2024-05-26 00:01:40 - Home Assistant is responsive.
2024-05-26 00:01:40 - Failed to send notification Test to http://homeassistant.local:8123/api/webhook/notification-home-assistant-restarted-3X6GmJIr-ibjHmSPwkwMZU1B
2024-05-26 00:03:55 - Home Assistant monitoring script started.
2024-05-26 00:03:55 - Home Assistant is responsive.
2024-05-26 00:03:55 - Notification TEST sent to http://homeassistant.local:8123/api/webhook/notification-home-assistant-restarted-3X6GmJIr-ibjHmSPwkwMZU1B
2024-05-26 00:05:20 - Home Assistant monitoring script started.
2024-05-26 00:05:20 - Home Assistant is responsive.
2024-05-26 00:10:20 - Home Assistant is responsive.
2024-05-26 00:15:20 - Home Assistant is responsive.
2024-05-26 00:20:20 - Home Assistant is responsive.
2024-05-26 00:25:20 - Home Assistant is responsive.
2024-05-26 00:30:20 - Home Assistant is responsive.
2024-05-26 00:35:21 - Home Assistant is responsive.
2024-05-26 00:40:21 - Home Assistant is responsive.
2024-05-26 00:45:21 - Home Assistant is responsive.
2024-05-26 00:50:21 - Home Assistant is responsive.
2024-05-26 00:55:21 - Home Assistant is responsive.
2024-05-26 01:00:21 - Home Assistant is responsive.
2024-05-26 01:05:21 - Home Assistant is responsive.
2024-05-26 01:10:21 - Home Assistant is responsive.
2024-05-26 01:15:21 - Home Assistant is responsive.
2024-05-26 01:20:21 - Home Assistant is responsive.
2024-05-26 01:25:24 - Home Assistant is responsive.
2024-05-26 01:30:24 - Home Assistant is responsive.
2024-05-26 01:35:24 - Home Assistant is responsive.
2024-05-26 01:40:24 - Home Assistant is responsive.
2024-05-26 01:45:24 - Home Assistant is responsive.
2024-05-26 01:50:24 - Home Assistant is responsive.
2024-05-26 01:55:25 - Home Assistant is responsive.
2024-05-26 02:00:25 - Home Assistant is responsive.
2024-05-26 02:05:25 - Home Assistant is responsive.
2024-05-26 02:10:25 - Home Assistant is responsive.
2024-05-26 02:15:25 - Home Assistant is responsive.
2024-05-26 02:20:25 - Home Assistant is responsive.
2024-05-26 02:25:25 - Home Assistant is responsive.
2024-05-26 02:30:25 - Home Assistant is responsive.
2024-05-26 02:35:25 - Home Assistant is responsive.
2024-05-26 02:40:25 - Home Assistant is responsive.
2024-05-26 02:45:25 - Home Assistant is responsive.
2024-05-26 02:50:25 - Home Assistant is responsive.
2024-05-26 02:55:25 - Home Assistant is responsive.
2024-05-26 03:00:25 - Home Assistant is responsive.
2024-05-26 03:05:26 - Home Assistant is responsive.
2024-05-26 03:10:26 - Home Assistant is responsive.
2024-05-26 03:15:26 - Home Assistant is responsive.
2024-05-26 03:20:26 - Home Assistant is responsive.
2024-05-26 03:25:26 - Home Assistant is responsive.
2024-05-26 03:30:26 - Home Assistant is responsive.
2024-05-26 03:35:26 - Home Assistant is responsive.
2024-05-26 03:40:26 - Home Assistant is responsive.
2024-05-26 03:45:26 - Home Assistant is responsive.
2024-05-26 03:50:26 - Home Assistant is responsive.
2024-05-26 03:55:26 - Home Assistant is responsive.
2024-05-26 04:00:26 - Home Assistant is responsive.
2024-05-26 04:05:26 - Home Assistant is responsive.
2024-05-26 04:10:26 - Home Assistant is responsive.
2024-05-26 04:15:26 - Home Assistant is responsive.
2024-05-26 04:20:27 - Home Assistant is responsive.
2024-05-26 04:25:27 - Home Assistant is responsive.
2024-05-26 04:30:27 - Home Assistant is responsive.
2024-05-26 04:35:27 - Home Assistant is responsive.
2024-05-26 04:40:27 - Home Assistant is responsive.
2024-05-26 04:45:27 - Home Assistant is responsive.
2024-05-26 04:50:27 - Home Assistant is responsive.
2024-05-26 04:55:27 - Home Assistant is responsive.
2024-05-26 05:00:27 - Home Assistant is responsive.
2024-05-26 05:05:27 - Home Assistant is responsive.
2024-05-26 05:10:27 - Home Assistant is responsive.
2024-05-26 05:15:27 - Home Assistant is responsive.
2024-05-26 05:20:27 - Home Assistant is responsive.
2024-05-26 05:25:27 - Home Assistant is responsive.
2024-05-26 05:30:27 - Home Assistant is responsive.
2024-05-26 05:35:27 - Home Assistant is responsive.
2024-05-26 05:40:28 - Home Assistant is responsive.
2024-05-26 05:45:28 - Home Assistant is responsive.
2024-05-26 05:50:28 - Home Assistant is responsive.
2024-05-26 05:55:28 - Home Assistant is responsive.
2024-05-26 06:00:28 - Home Assistant is responsive.
2024-05-26 06:05:28 - Home Assistant is responsive.
2024-05-26 06:10:28 - Home Assistant is responsive.
2024-05-26 06:15:28 - Home Assistant is responsive.
2024-05-26 06:20:28 - Home Assistant is responsive.
2024-05-26 06:25:28 - Home Assistant is responsive.
2024-05-26 06:30:28 - Home Assistant is responsive.
2024-05-26 06:35:28 - Home Assistant is responsive.
2024-05-26 06:40:28 - Home Assistant is responsive.
2024-05-26 06:45:28 - Home Assistant is responsive.
2024-05-26 06:50:28 - Home Assistant is responsive.
2024-05-26 06:55:29 - Home Assistant is responsive.
2024-05-26 07:00:29 - Home Assistant is responsive.
2024-05-26 07:05:29 - Home Assistant is responsive.
2024-05-26 07:10:29 - Home Assistant is responsive.
2024-05-26 07:15:29 - Home Assistant is responsive.
2024-05-26 07:20:29 - Home Assistant is responsive.
2024-05-26 07:25:29 - Home Assistant is responsive.
2024-05-26 07:30:29 - Home Assistant is responsive.
2024-05-26 07:35:29 - Home Assistant is responsive.
2024-05-26 07:40:29 - Home Assistant is responsive.
2024-05-26 07:45:29 - Home Assistant is responsive.
2024-05-26 07:50:29 - Home Assistant is responsive.
2024-05-26 07:55:29 - Home Assistant is responsive.
2024-05-26 08:00:29 - Home Assistant is responsive.
2024-05-26 08:05:29 - Home Assistant is responsive.
2024-05-26 08:10:30 - Home Assistant is responsive.
2024-05-26 08:15:30 - Home Assistant is responsive.
2024-05-26 08:20:30 - Home Assistant is responsive.
2024-05-26 08:25:30 - Home Assistant is responsive.
2024-05-26 08:30:30 - Home Assistant is responsive.
2024-05-26 08:35:30 - Home Assistant is responsive.
2024-05-26 08:40:30 - Home Assistant is responsive.
2024-05-26 08:45:30 - Home Assistant is responsive.
2024-05-26 08:50:30 - Home Assistant is responsive.
2024-05-26 08:55:30 - Home Assistant is responsive.
2024-05-26 09:00:30 - Home Assistant is responsive.
2024-05-26 09:05:30 - Home Assistant is responsive.
2024-05-26 09:10:30 - Home Assistant is responsive.
2024-05-26 09:15:30 - Home Assistant is responsive.
2024-05-26 09:20:30 - Home Assistant is responsive.
2024-05-26 09:25:30 - Home Assistant is responsive.
2024-05-26 09:30:31 - Home Assistant is responsive.
2024-05-26 09:35:31 - Home Assistant is responsive.
2024-05-26 09:40:31 - Home Assistant is responsive.
2024-05-26 09:45:31 - Home Assistant is responsive.
2024-05-26 09:50:31 - Home Assistant is responsive.
2024-05-26 09:55:31 - Home Assistant is responsive.
2024-05-26 10:00:31 - Home Assistant is responsive.
2024-05-26 10:05:31 - Home Assistant is responsive.
2024-05-26 10:10:31 - Home Assistant is responsive.
2024-05-26 10:15:31 - Home Assistant is responsive.
2024-05-26 10:20:31 - Home Assistant is responsive.
2024-05-26 10:25:31 - Home Assistant is responsive.
2024-05-26 10:30:31 - Home Assistant is responsive.
2024-05-26 10:35:31 - Home Assistant is responsive.
2024-05-26 10:40:31 - Home Assistant is responsive.
2024-05-26 10:45:32 - Home Assistant is responsive.
2024-05-26 10:50:32 - Home Assistant is responsive.
2024-05-26 10:55:32 - Home Assistant is responsive.
2024-05-26 11:00:32 - Home Assistant is responsive.
2024-05-26 11:05:32 - Home Assistant is responsive.
2024-05-26 11:10:32 - Home Assistant is responsive.
2024-05-26 11:15:32 - Home Assistant is responsive.
2024-05-26 11:20:32 - Home Assistant is responsive.
2024-05-26 11:25:32 - Home Assistant is responsive.
2024-05-26 11:30:32 - Home Assistant is responsive.
2024-05-26 11:35:32 - Home Assistant is responsive.
2024-05-26 11:40:32 - Home Assistant is responsive.
2024-05-26 11:45:32 - Home Assistant is responsive.
2024-05-26 11:50:32 - Home Assistant is responsive.
2024-05-26 11:55:32 - Home Assistant is responsive.
2024-05-26 12:00:33 - Home Assistant is responsive.
2024-05-26 12:05:33 - Home Assistant is responsive.
2024-05-26 12:10:33 - Home Assistant is responsive.
2024-05-26 12:15:33 - Home Assistant is responsive.
2024-05-26 12:20:33 - Home Assistant is responsive.
2024-05-26 12:25:33 - Home Assistant is responsive.
2024-05-26 12:30:33 - Home Assistant is responsive.
2024-05-26 12:35:33 - Home Assistant is responsive.
2024-05-26 12:40:33 - Home Assistant is responsive.
2024-05-26 12:45:33 - Home Assistant is responsive.
2024-05-26 12:50:33 - Home Assistant is responsive.
2024-05-26 12:55:33 - Home Assistant is responsive.
2024-05-26 13:00:33 - Home Assistant is responsive.
2024-05-26 13:05:33 - Home Assistant is responsive.
2024-05-26 13:10:33 - Home Assistant is responsive.
2024-05-26 13:15:34 - Home Assistant is responsive.
2024-05-26 13:20:34 - Home Assistant is responsive.
2024-05-26 13:25:34 - Home Assistant is responsive.
2024-05-26 13:30:34 - Home Assistant is responsive.
2024-05-26 13:35:34 - Home Assistant is responsive.
2024-05-26 13:40:34 - Home Assistant is responsive.
2024-05-26 13:45:34 - Home Assistant is responsive.
2024-05-26 13:50:34 - Home Assistant is responsive.
2024-05-26 13:55:34 - Home Assistant is responsive.
2024-05-26 14:00:34 - Home Assistant is responsive.
2024-05-26 14:05:34 - Home Assistant is responsive.
2024-05-26 14:10:34 - Home Assistant is responsive.
2024-05-26 14:15:34 - Home Assistant is responsive.
2024-05-26 14:20:34 - Home Assistant is responsive.
2024-05-26 14:25:34 - Home Assistant is responsive.
2024-05-26 14:30:34 - Home Assistant is responsive.
2024-05-26 14:35:35 - Home Assistant is responsive.
2024-05-26 14:40:35 - Home Assistant is responsive.
2024-05-26 14:45:35 - Home Assistant is responsive.
2024-05-26 14:50:35 - Home Assistant is responsive.
2024-05-26 14:55:35 - Home Assistant is responsive.
2024-05-26 14:57:02 - Home Assistant monitoring script started.
2024-05-26 14:57:02 - Home Assistant is responsive.
2024-05-26 15:02:02 - Home Assistant is responsive.
2024-05-26 15:07:02 - Home Assistant is responsive.
2024-05-26 15:12:02 - Home Assistant is responsive.
2024-05-26 15:17:02 - Home Assistant is responsive.
2024-05-26 15:26:48 - Home Assistant monitoring script started.
2024-05-26 15:26:49 - Notification sent: launched - Script launched
2024-05-26 15:26:49 - Home Assistant is responsive.
2024-05-26 15:29:38 - Home Assistant monitoring script started.
2024-05-26 15:29:38 - Notification sent: launched - Script launched
2024-05-26 15:29:38 - Home Assistant is responsive.
2024-05-26 15:34:38 - Home Assistant is responsive.
2024-05-26 15:39:38 - Home Assistant is responsive.
2024-05-26 15:44:39 - Home Assistant is responsive.
2024-05-26 15:49:39 - Home Assistant is responsive.
2024-05-26 15:51:57 - Home Assistant monitoring script started.
2024-05-26 15:51:57 - Notification sent: launched - Script launched
2024-05-26 15:51:57 - Home Assistant is responsive.
2024-05-26 15:53:35 - Home Assistant monitoring script started.
2024-05-26 15:53:35 - Notification sent: launched - Script launched
2024-05-26 15:53:35 - Home Assistant is responsive.
2024-05-26 15:56:21 - Home Assistant monitoring script started.
2024-05-26 15:56:21 - Notification sent: launched - Script launched
2024-05-26 15:56:21 - Home Assistant is responsive.
2024-05-26 15:56:28 - Manual restart triggered.
2024-05-26 15:56:28 - Attempting to restart VirtualBox VM: Home Assistant
2024-05-26 15:57:03 - Successfully restarted VirtualBox VM: Home Assistant
2024-05-26 15:57:23 - Failed to send notification: harestart - Home Assistant restarted
2024-05-26 16:01:21 - Home Assistant is responsive.
2024-05-26 16:05:58 - Home Assistant monitoring script started.
2024-05-26 16:05:58 - Notification sent: launched - Script launched
2024-05-26 16:05:58 - Home Assistant is responsive.
2024-05-26 16:09:16 - Home Assistant monitoring script started.
2024-05-26 16:09:16 - Notification sent: launched - Script launched
2024-05-26 16:09:16 - Home Assistant is responsive.
2024-05-26 16:09:23 - Manual restart triggered.
2024-05-26 16:09:23 - Attempting to restart VirtualBox VM: Home Assistant
2024-05-26 16:10:00 - Successfully restarted VirtualBox VM: Home Assistant
2024-05-26 16:10:19 - Failed to send notification: harestart - Home Assistant restarted. Retrying in 10 seconds...
2024-05-26 16:10:31 - Failed to send notification: harestart - Home Assistant restarted. Retrying in 10 seconds...
2024-05-26 16:10:43 - Failed to send notification: harestart - Home Assistant restarted. Retrying in 10 seconds...
2024-05-26 16:10:55 - Failed to send notification: harestart - Home Assistant restarted. Retrying in 10 seconds...
2024-05-26 16:11:07 - Failed to send notification: harestart - Home Assistant restarted. Retrying in 10 seconds...
2024-05-26 16:11:19 - Failed to send notification: harestart - Home Assistant restarted. Retrying in 10 seconds...
2024-05-26 16:11:29 - Notification sent: harestart - Home Assistant restarted
2024-05-26 16:14:17 - Home Assistant is responsive.
2024-05-26 16:19:17 - Home Assistant is responsive.
2024-05-26 16:24:18 - Home Assistant is responsive.
2024-05-26 16:28:47 - Home Assistant monitoring script started.
2024-05-26 16:28:47 - Notification sent: launched - Script launched
2024-05-26 16:36:31 - Home Assistant monitoring script started.
2024-05-26 16:36:31 - Notification sent: launched - Script launched
2024-05-26 16:39:02 - Home Assistant monitoring script started.
2024-05-26 16:39:03 - Notification sent: launched - Script launched
2024-05-26 16:42:40 - Home Assistant monitoring script started.
2024-05-26 16:42:40 - Notification sent: launched - Script launched
2024-05-26 16:42:40 - Home Assistant is responsive.
2024-05-26 16:43:27 - Manual restart triggered.
2024-05-26 16:43:27 - Attempting to restart VirtualBox VM: Home Assistant
2024-05-26 16:44:04 - Successfully restarted VirtualBox VM: Home Assistant
2024-05-26 16:44:29 - Failed to send notification: harestart - Home Assistant restarted. Retrying in 10 seconds...
2024-05-26 16:44:42 - Failed to send notification: harestart - Home Assistant restarted. Retrying in 10 seconds...
2024-05-26 16:44:54 - Failed to send notification: harestart - Home Assistant restarted. Retrying in 10 seconds...
2024-05-26 16:45:06 - Failed to send notification: harestart - Home Assistant restarted. Retrying in 10 seconds...
2024-05-26 16:45:18 - Failed to send notification: harestart - Home Assistant restarted. Retrying in 10 seconds...
2024-05-26 16:45:30 - Failed to send notification: harestart - Home Assistant restarted. Retrying in 10 seconds...
2024-05-26 16:45:42 - Failed to send notification: harestart - Home Assistant restarted. Retrying in 10 seconds...
2024-05-26 16:45:54 - Failed to send notification: harestart - Home Assistant restarted. Retrying in 10 seconds...
2024-05-26 16:46:06 - Failed to send notification: harestart - Home Assistant restarted. Retrying in 10 seconds...
2024-05-26 16:46:19 - Failed to send notification: harestart - Home Assistant restarted. Retrying in 10 seconds...
2024-05-26 16:46:31 - Failed to send notification: harestart - Home Assistant restarted. Retrying in 10 seconds...
2024-05-26 16:46:45 - Failed to send notification: harestart - Home Assistant restarted. Retrying in 10 seconds...
2024-05-26 16:46:59 - Failed to send notification: harestart - Home Assistant restarted. Retrying in 10 seconds...
2024-05-26 16:47:13 - Failed to send notification: harestart - Home Assistant restarted. Retrying in 10 seconds...
2024-05-26 16:47:27 - Failed to send notification: harestart - Home Assistant restarted. Retrying in 10 seconds...
2024-05-26 16:47:37 - Notification sent: harestart - Home Assistant restarted
2024-05-26 16:47:40 - Home Assistant is responsive.
2024-05-26 16:50:35 - Manual restart triggered.
2024-05-26 16:50:35 - Attempting to restart VirtualBox VM: Home Assistant
2024-05-26 16:51:05 - Failed to stop VM. Attempt 1 of 5.
2024-05-26 16:52:42 - Successfully restarted VirtualBox VM: Home Assistant
2024-05-26 16:52:44 - Failed to send notification: harestart - Home Assistant restarted. Retrying in 10 seconds...
2024-05-26 16:52:57 - Failed to send notification: harestart - Home Assistant restarted. Retrying in 10 seconds...
2024-05-26 16:53:10 - Failed to send notification: harestart - Home Assistant restarted. Retrying in 10 seconds...
2024-05-26 16:53:22 - Failed to send notification: harestart - Home Assistant restarted. Retrying in 10 seconds...
2024-05-26 16:53:34 - Failed to send notification: harestart - Home Assistant restarted. Retrying in 10 seconds...
2024-05-26 16:53:46 - Failed to send notification: harestart - Home Assistant restarted. Retrying in 10 seconds...
2024-05-26 16:53:58 - Failed to send notification: harestart - Home Assistant restarted. Retrying in 10 seconds...
2024-05-26 16:54:12 - Failed to send notification: harestart - Home Assistant restarted. Retrying in 10 seconds...
2024-05-26 16:54:22 - Notification sent: harestart - Home Assistant restarted
2024-05-26 16:54:23 - Home Assistant is responsive.
2024-05-26 16:59:05 - Home Assistant monitoring script started.
2024-05-26 16:59:05 - Notification sent: launched - Script launched
2024-05-26 16:59:05 - Home Assistant is responsive.
2024-05-26 16:59:18 - Manual restart triggered.
2024-05-26 16:59:18 - Attempting to restart VirtualBox VM: Home Assistant
2024-05-26 16:59:55 - Successfully restarted VirtualBox VM: Home Assistant
2024-05-26 17:01:54 - Notification sent: harestart - Home Assistant restarted
2024-05-26 17:04:05 - Home Assistant is responsive.
2024-05-26 17:09:05 - Home Assistant is responsive.
2024-05-26 17:11:26 - Home Assistant monitoring script started.
2024-05-26 17:11:27 - Notification sent: launched - Script launched
2024-05-26 17:11:27 - Home Assistant is responsive.
2024-05-26 17:12:00 - Home Assistant monitoring script started.
2024-05-26 17:12:00 - Notification sent: launched - Script launched
2024-05-26 17:12:00 - Home Assistant is responsive.
2024-05-26 17:12:12 - Manual restart triggered.
2024-05-26 17:12:12 - Attempting to restart VirtualBox VM: Home Assistant
2024-05-26 17:12:49 - Successfully restarted VirtualBox VM: Home Assistant
2024-05-26 17:14:58 - Notification sent: harestart - Home Assistant restarted
2024-05-26 17:17:01 - Home Assistant is responsive.
2024-05-26 17:22:01 - Home Assistant is responsive.
2024-05-26 17:27:02 - Home Assistant is responsive.
2024-05-26 17:32:02 - Home Assistant is responsive.
2024-05-26 17:37:02 - Home Assistant is responsive.
2024-05-26 17:42:03 - Home Assistant is responsive.
2024-05-26 17:47:03 - Home Assistant is responsive.
2024-05-26 17:48:32 - Home Assistant monitoring script started.
2024-05-26 17:48:32 - Notification sent: launched - Script launched
2024-05-26 17:48:32 - Home Assistant is unresponsive. Restarting the VM.
2024-05-26 17:48:32 - Attempting to restart VirtualBox VM: Home Assistant
2024-05-26 17:49:09 - Successfully restarted VirtualBox VM: Home Assistant
2024-05-26 17:53:50 - Home Assistant monitoring script started.
2024-05-26 17:53:50 - Notification sent: launched - Script launched
2024-05-26 17:53:50 - Home Assistant is unresponsive. Restarting the VM.
2024-05-26 17:53:50 - Attempting to restart VirtualBox VM: Home Assistant
2024-05-26 17:54:27 - Successfully restarted VirtualBox VM: Home Assistant
2024-05-26 18:02:56 - Home Assistant monitoring script started.
2024-05-26 18:02:56 - Notification sent: launched - Script launched
2024-05-26 18:02:56 - Home Assistant is unresponsive. Restarting the VM.
2024-05-26 18:02:56 - Attempting to restart VirtualBox VM: Home Assistant
2024-05-26 18:03:33 - Successfully restarted VirtualBox VM: Home Assistant
2024-05-26 18:08:20 - Home Assistant monitoring script started.
2024-05-26 18:08:20 - Notification sent: launched - Script launched
2024-05-26 18:08:20 - Home Assistant is responsive at startup.
2024-05-26 18:08:20 - Home Assistant is unresponsive. Restarting the VM.
2024-05-26 18:08:20 - Attempting to restart VirtualBox VM: Home Assistant
2024-05-26 18:08:57 - Successfully restarted VirtualBox VM: Home Assistant
2024-05-26 18:11:10 - Home Assistant monitoring script started.
2024-05-26 18:11:10 - Notification sent: launched - Script launched
2024-05-26 18:11:10 - Home Assistant is responsive at startup.
2024-05-26 18:11:10 - Home Assistant is unresponsive. Restarting the VM.
2024-05-26 18:11:10 - Attempting to restart VirtualBox VM: Home Assistant
2024-05-26 18:11:40 - Failed to stop VM. Attempt 1 of 5.
2024-05-26 18:13:11 - Failed to stop VM. Attempt 2 of 5.
2024-05-26 18:14:47 - Successfully restarted VirtualBox VM: Home Assistant
2024-05-26 18:21:49 - Home Assistant monitoring script started.
2024-05-26 18:21:49 - Notification sent: launched - Script launched
2024-05-26 18:21:49 - Home Assistant is responsive at startup.
2024-05-26 18:21:49 - Home Assistant is unresponsive. Restarting the VM.
2024-05-26 18:21:49 - Attempting to restart VirtualBox VM: Home Assistant
2024-05-26 18:22:26 - Successfully restarted VirtualBox VM: Home Assistant
2024-05-26 18:26:25 - Home Assistant monitoring script started.
2024-05-26 18:26:25 - Notification sent: launched - Script launched
2024-05-26 18:26:25 - Home Assistant is responsive at startup.
2024-05-26 18:26:25 - Home Assistant is unresponsive. Restarting the VM.
2024-05-26 18:26:25 - Attempting to restart VirtualBox VM: Home Assistant
2024-05-26 18:26:55 - Failed to stop VM. Attempt 1 of 5.
2024-05-26 18:28:32 - Successfully restarted VirtualBox VM: Home Assistant
2024-05-26 22:55:59 - Home Assistant monitoring script started.
2024-05-26 22:56:01 - Failed to send notification: launched - Script launched. Retrying in 10 seconds...
2024-05-26 22:56:09 - Home Assistant monitoring script started.
2024-05-26 22:56:12 - Failed to send notification: launched - Script launched. Retrying in 10 seconds...
2024-05-26 23:59:09 - Home Assistant monitoring script started.
2024-05-26 23:59:09 - Notification sent: launched - Script launched
2024-05-26 23:59:09 - Home Assistant is responsive.
2024-05-27 00:04:10 - Home Assistant is responsive.
2024-05-27 00:09:10 - Home Assistant is responsive.
2024-05-27 00:14:11 - Home Assistant is responsive.
2024-05-27 00:19:11 - Home Assistant is responsive.
2024-05-27 00:24:12 - Home Assistant is responsive.
2024-05-27 00:29:12 - Home Assistant is responsive.
2024-05-27 00:34:12 - Home Assistant is responsive.
2024-05-27 00:39:13 - Home Assistant is responsive.
2024-05-27 00:44:13 - Home Assistant is responsive.
2024-05-27 00:49:14 - Home Assistant is responsive.
2024-05-27 00:54:14 - Home Assistant is responsive.
2024-05-27 00:59:15 - Home Assistant is responsive.
2024-05-27 01:04:15 - Home Assistant is responsive.
2024-05-27 01:09:15 - Home Assistant is responsive.
2024-05-27 01:14:16 - Home Assistant is responsive.
2024-05-27 01:19:16 - Home Assistant is responsive.
2024-05-27 01:24:17 - Home Assistant is responsive.
2024-05-27 01:29:17 - Home Assistant is responsive.
2024-05-27 01:34:18 - Home Assistant is responsive.
2024-05-27 01:39:18 - Home Assistant is responsive.
2024-05-27 01:44:18 - Home Assistant is responsive.
2024-05-27 01:49:19 - Home Assistant is responsive.
2024-05-27 01:54:19 - Home Assistant is responsive.
2024-05-27 01:59:20 - Home Assistant is responsive.
2024-05-27 02:04:20 - Home Assistant is responsive.
2024-05-27 02:09:21 - Home Assistant is responsive.
2024-05-27 02:14:21 - Home Assistant is responsive.
2024-05-27 02:19:22 - Home Assistant is responsive.
2024-05-27 02:24:22 - Home Assistant is responsive.
2024-05-27 02:29:22 - Home Assistant is responsive.
2024-05-27 02:34:23 - Home Assistant is responsive.
2024-05-27 02:39:23 - Home Assistant is responsive.
2024-05-27 02:44:24 - Home Assistant is responsive.
2024-05-27 02:49:24 - Home Assistant is responsive.
2024-05-27 02:54:25 - Home Assistant is responsive.
2024-05-27 02:59:25 - Home Assistant is responsive.
2024-05-27 03:04:26 - Home Assistant is responsive.
2024-05-27 03:09:26 - Home Assistant is responsive.
2024-05-27 03:14:26 - Home Assistant is responsive.
2024-05-27 03:19:27 - Home Assistant is responsive.
2024-05-27 03:24:27 - Home Assistant is responsive.
2024-05-27 03:29:28 - Home Assistant is responsive.
2024-05-27 03:34:28 - Home Assistant is responsive.
2024-05-27 03:39:29 - Home Assistant is responsive.
2024-05-27 03:44:29 - Home Assistant is responsive.
2024-05-27 03:49:29 - Home Assistant is responsive.
2024-05-27 03:54:30 - Home Assistant is responsive.
2024-05-27 03:59:30 - Home Assistant is responsive.
2024-05-27 04:04:31 - Home Assistant is responsive.
2024-05-27 04:09:31 - Home Assistant is responsive.
2024-05-27 04:14:32 - Home Assistant is responsive.
2024-05-27 04:19:32 - Home Assistant is responsive.
2024-05-27 04:24:33 - Home Assistant is responsive.
2024-05-27 04:29:33 - Home Assistant is responsive.
2024-05-27 04:34:33 - Home Assistant is responsive.
2024-05-27 04:39:34 - Home Assistant is responsive.
2024-05-27 04:44:34 - Home Assistant is responsive.
2024-05-27 04:49:35 - Home Assistant is responsive.
2024-05-27 04:54:35 - Home Assistant is responsive.
2024-05-27 04:59:36 - Home Assistant is responsive.
2024-05-27 05:04:36 - Home Assistant is responsive.
2024-05-27 05:09:37 - Home Assistant is responsive.
2024-05-27 05:14:37 - Home Assistant is responsive.
2024-05-27 05:19:37 - Home Assistant is responsive.
2024-05-27 05:24:38 - Home Assistant is responsive.
2024-05-27 05:29:38 - Home Assistant is responsive.
2024-05-27 05:34:39 - Home Assistant is responsive.
2024-05-27 05:39:39 - Home Assistant is responsive.
2024-05-27 05:44:40 - Home Assistant is responsive.
2024-05-27 05:49:40 - Home Assistant is responsive.
2024-05-27 05:54:41 - Home Assistant is responsive.
2024-05-27 05:59:41 - Home Assistant is responsive.
2024-05-27 06:04:41 - Home Assistant is responsive.
2024-05-27 06:09:42 - Home Assistant is responsive.
2024-05-27 06:14:42 - Home Assistant is responsive.
2024-05-27 06:19:43 - Home Assistant is responsive.
2024-05-27 06:24:43 - Home Assistant is responsive.
2024-05-27 06:29:44 - Home Assistant is responsive.
2024-05-27 06:34:44 - Home Assistant is responsive.
2024-05-27 06:39:45 - Home Assistant is responsive.
2024-05-27 06:44:45 - Home Assistant is responsive.
2024-05-27 06:49:46 - Home Assistant is responsive.
2024-05-27 06:54:46 - Home Assistant is responsive.
2024-05-27 06:59:46 - Home Assistant is responsive.
2024-05-27 07:04:47 - Home Assistant is responsive.
2024-05-27 07:09:47 - Home Assistant is responsive.
2024-05-27 07:14:48 - Home Assistant is responsive.
2024-05-27 07:19:48 - Home Assistant is responsive.
2024-05-27 07:24:49 - Home Assistant is responsive.
2024-05-27 07:29:49 - Home Assistant is responsive.
2024-05-27 07:34:49 - Home Assistant is responsive.
2024-05-27 07:39:50 - Home Assistant is responsive.
2024-05-27 07:44:50 - Home Assistant is responsive.
2024-05-27 07:49:51 - Home Assistant is responsive.
2024-05-27 07:54:51 - Home Assistant is responsive.
2024-05-27 07:59:52 - Home Assistant is responsive.
2024-05-27 08:04:52 - Home Assistant is responsive.
2024-05-27 08:09:53 - Home Assistant is responsive.
2024-05-27 08:14:53 - Home Assistant is responsive.
2024-05-27 08:19:53 - Home Assistant is responsive.
2024-05-27 08:24:54 - Home Assistant is responsive.
2024-05-27 08:29:54 - Home Assistant is responsive.
2024-05-27 08:34:55 - Home Assistant is responsive.
2024-05-27 08:39:55 - Home Assistant is responsive.
2024-05-27 08:44:56 - Home Assistant is responsive.
2024-05-27 08:49:56 - Home Assistant is responsive.
2024-05-27 08:54:57 - Home Assistant is responsive.
2024-05-27 08:59:57 - Home Assistant is responsive.
2024-05-27 09:04:57 - Home Assistant is responsive.
2024-05-27 09:09:58 - Home Assistant is responsive.
2024-05-27 09:14:58 - Home Assistant is responsive.
2024-05-27 09:19:59 - Home Assistant is responsive.
2024-05-27 09:24:59 - Home Assistant is responsive.
2024-05-27 09:30:00 - Home Assistant is responsive.
2024-05-27 09:35:00 - Home Assistant is responsive.
2024-05-27 09:40:01 - Home Assistant is responsive.
2024-05-27 09:45:01 - Home Assistant is responsive.
2024-05-27 09:50:01 - Home Assistant is responsive.
2024-05-27 09:55:02 - Home Assistant is responsive.
2024-05-27 10:00:02 - Home Assistant is responsive.
2024-05-27 10:05:03 - Home Assistant is responsive.
2024-05-27 10:10:03 - Home Assistant is responsive.
2024-05-27 10:15:04 - Home Assistant is responsive.
2024-05-27 10:20:04 - Home Assistant is responsive.
2024-05-27 10:25:05 - Home Assistant is responsive.
2024-05-27 10:30:05 - Home Assistant is responsive.
2024-05-27 10:35:05 - Home Assistant is responsive.
2024-05-27 10:40:06 - Home Assistant is responsive.
2024-05-27 10:45:06 - Home Assistant is responsive.
2024-05-27 10:50:07 - Home Assistant is responsive.
2024-05-27 10:55:07 - Home Assistant is responsive.
2024-05-27 11:00:08 - Home Assistant is responsive.
2024-05-27 11:05:08 - Home Assistant is responsive.
2024-05-27 11:10:08 - Home Assistant is responsive.
2024-05-27 11:15:09 - Home Assistant is responsive.
2024-05-27 11:20:09 - Home Assistant is responsive.
2024-05-27 11:25:10 - Home Assistant is responsive.
2024-05-27 11:30:10 - Home Assistant is responsive.
2024-05-27 11:35:11 - Home Assistant is responsive.
2024-05-27 11:40:11 - Home Assistant is responsive.
2024-05-27 11:45:12 - Home Assistant is responsive.
2024-05-27 11:50:12 - Home Assistant is responsive.
2024-05-27 11:55:12 - Home Assistant is responsive.
2024-05-27 12:00:13 - Home Assistant is responsive.
2024-05-27 12:05:13 - Home Assistant is responsive.
2024-05-27 12:10:14 - Home Assistant is responsive.
2024-05-27 12:15:14 - Home Assistant is responsive.
2024-05-27 12:20:15 - Home Assistant is responsive.
2024-05-27 12:25:15 - Home Assistant is responsive.
2024-05-27 12:30:15 - Home Assistant is responsive.
2024-05-27 12:35:16 - Home Assistant is responsive.
2024-05-27 12:40:16 - Home Assistant is responsive.
2024-05-27 12:45:17 - Home Assistant is responsive.
2024-05-27 12:50:17 - Home Assistant is responsive.
2024-05-27 12:55:18 - Home Assistant is responsive.
2024-05-27 13:00:18 - Home Assistant is responsive.
2024-05-27 13:05:19 - Home Assistant is responsive.
2024-05-27 13:10:19 - Home Assistant is responsive.
2024-05-27 13:15:19 - Home Assistant is responsive.
2024-05-27 13:20:20 - Home Assistant is responsive.
2024-05-27 13:25:20 - Home Assistant is responsive.
2024-05-27 13:30:21 - Home Assistant is responsive.
2024-05-27 13:35:21 - Home Assistant is responsive.
2024-05-27 13:40:22 - Home Assistant is responsive.
2024-05-27 13:45:22 - Home Assistant is responsive.
2024-05-27 13:50:23 - Home Assistant is responsive.
2024-05-27 13:55:23 - Home Assistant is responsive.
2024-05-27 14:00:23 - Home Assistant is responsive.
2024-05-27 14:05:24 - Home Assistant is responsive.
2024-05-27 14:10:24 - Home Assistant is responsive.
2024-05-27 14:15:25 - Home Assistant is responsive.
2024-05-27 14:20:25 - Home Assistant is responsive.
2024-05-27 14:25:26 - Home Assistant is responsive.
2024-05-27 14:30:26 - Home Assistant is responsive.
2024-05-27 14:35:26 - Home Assistant is responsive.
2024-05-27 14:40:27 - Home Assistant is responsive.
2024-05-27 14:45:27 - Home Assistant is responsive.
2024-05-27 14:50:28 - Home Assistant is responsive.
2024-05-27 14:55:28 - Home Assistant is responsive.
2024-05-27 15:00:29 - Home Assistant is responsive.
2024-05-27 15:05:29 - Home Assistant is responsive.
2024-05-27 15:10:29 - Home Assistant is responsive.
2024-05-27 15:15:30 - Home Assistant is responsive.
2024-05-27 15:20:30 - Home Assistant is responsive.
2024-05-27 15:25:31 - Home Assistant is responsive.
2024-05-27 15:30:31 - Home Assistant is responsive.
2024-05-27 15:35:32 - Home Assistant is responsive.
2024-05-27 15:40:32 - Home Assistant is responsive.
2024-05-27 15:45:32 - Home Assistant is responsive.
2024-05-27 15:50:33 - Home Assistant is responsive.
2024-05-27 15:55:33 - Home Assistant is responsive.
2024-05-27 16:00:34 - Home Assistant is responsive.
2024-05-27 16:05:34 - Home Assistant is responsive.
2024-05-27 16:10:35 - Home Assistant is responsive.
2024-05-27 16:15:35 - Home Assistant is responsive.
2024-05-27 16:20:35 - Home Assistant is responsive.
2024-05-27 16:25:36 - Home Assistant is responsive.
2024-05-27 16:30:36 - Home Assistant is responsive.
2024-05-27 16:35:37 - Home Assistant is responsive.
2024-05-27 16:40:37 - Home Assistant is responsive.
2024-05-27 16:45:38 - Home Assistant is responsive.
2024-05-27 16:50:38 - Home Assistant is responsive.
2024-05-27 16:55:39 - Home Assistant is responsive.
2024-05-27 17:00:39 - Home Assistant is responsive.
2024-05-27 17:05:39 - Home Assistant is responsive.
2024-05-27 17:10:40 - Home Assistant is responsive.
2024-05-27 17:15:40 - Home Assistant is responsive.
2024-05-27 17:20:41 - Home Assistant is responsive.
2024-05-27 17:25:41 - Home Assistant is responsive.
2024-05-27 17:30:42 - Home Assistant is responsive.
2024-05-27 17:35:42 - Home Assistant is responsive.
2024-05-27 17:40:42 - Home Assistant is responsive.
2024-05-27 17:45:43 - Home Assistant is responsive.
2024-05-27 17:50:43 - Home Assistant is responsive.
2024-05-27 17:55:44 - Home Assistant is responsive.
2024-05-27 18:00:44 - Home Assistant is responsive.
2024-05-27 18:05:45 - Home Assistant is responsive.
2024-05-27 18:10:45 - Home Assistant is responsive.
2024-05-27 18:15:45 - Home Assistant is responsive.
2024-05-27 18:20:46 - Home Assistant is responsive.
2024-05-27 18:25:46 - Home Assistant is responsive.
2024-05-27 18:30:47 - Home Assistant is responsive.
2024-05-27 18:35:47 - Home Assistant is responsive.
2024-05-27 18:40:48 - Home Assistant is responsive.
2024-05-27 18:45:48 - Home Assistant is responsive.
2024-05-27 18:50:48 - Home Assistant is responsive.
2024-05-27 18:55:49 - Home Assistant is responsive.
2024-05-27 19:00:49 - Home Assistant is responsive.
2024-05-27 19:05:50 - Home Assistant is responsive.
2024-05-27 19:10:50 - Home Assistant is responsive.
2024-05-27 19:15:51 - Home Assistant is responsive.
2024-05-27 19:20:51 - Home Assistant is responsive.
2024-05-27 19:25:51 - Home Assistant is responsive.
2024-05-27 19:30:52 - Home Assistant is responsive.
2024-05-27 19:35:52 - Home Assistant is responsive.
2024-05-27 19:40:53 - Home Assistant is responsive.
2024-05-27 19:45:53 - Home Assistant is responsive.
2024-05-27 19:50:54 - Home Assistant is responsive.
2024-05-27 19:55:54 - Home Assistant is responsive.
2024-05-27 20:00:55 - Home Assistant is responsive.
2024-05-27 20:05:55 - Home Assistant is responsive.
2024-05-27 20:10:55 - Home Assistant is responsive.
2024-05-27 20:15:56 - Home Assistant is responsive.
2024-05-27 20:20:56 - Home Assistant is responsive.
2024-05-27 20:25:57 - Home Assistant is responsive.
2024-05-27 20:30:57 - Home Assistant is responsive.
2024-05-27 20:35:58 - Home Assistant is responsive.
2024-05-27 20:40:58 - Home Assistant is responsive.
2024-05-27 20:45:59 - Home Assistant is responsive.
2024-05-27 20:50:59 - Home Assistant is responsive.
2024-05-27 20:55:59 - Home Assistant is responsive.
2024-05-27 21:01:00 - Home Assistant is responsive.
2024-05-27 21:06:00 - Home Assistant is responsive.
2024-05-27 21:11:01 - Home Assistant is responsive.
2024-05-27 21:16:01 - Home Assistant is responsive.
2024-05-27 21:21:02 - Home Assistant is responsive.
2024-05-27 21:26:02 - Home Assistant is responsive.
2024-05-27 21:31:03 - Home Assistant is responsive.
2024-05-27 21:36:03 - Home Assistant is responsive.
2024-05-27 21:41:03 - Home Assistant is responsive.
2024-05-27 21:46:04 - Home Assistant is responsive.
2024-05-27 21:51:04 - Home Assistant is responsive.
2024-05-27 21:56:05 - Home Assistant is responsive.
2024-05-27 22:01:05 - Home Assistant is responsive.
2024-05-27 22:06:06 - Home Assistant is responsive.
2024-05-27 22:11:06 - Home Assistant is responsive.
2024-05-27 22:16:06 - Home Assistant is responsive.
2024-05-27 22:21:07 - Home Assistant is responsive.
2024-05-27 22:26:07 - Home Assistant is responsive.
2024-05-27 22:31:08 - Home Assistant is responsive.
2024-05-27 22:36:08 - Home Assistant is responsive.
2024-05-27 22:41:09 - Home Assistant is responsive.
2024-05-27 22:46:09 - Home Assistant is responsive.
2024-05-27 22:51:09 - Home Assistant is responsive.
2024-05-27 22:56:10 - Home Assistant is responsive.
2024-05-27 23:01:10 - Home Assistant is responsive.
2024-05-27 23:06:11 - Home Assistant is responsive.
2024-05-27 23:11:11 - Home Assistant is responsive.
2024-05-27 23:16:11 - Home Assistant is responsive.
2024-05-27 23:21:12 - Home Assistant is responsive.
2024-05-27 23:26:12 - Home Assistant is responsive.
2024-05-27 23:31:13 - Home Assistant is responsive.
2024-05-27 23:36:13 - Home Assistant is responsive.
2024-05-27 23:41:13 - Home Assistant is responsive.
2024-05-27 23:46:14 - Home Assistant is responsive.
2024-05-27 23:51:14 - Home Assistant is responsive.
2024-05-27 23:56:15 - Home Assistant is responsive.
2024-05-28 00:01:15 - Home Assistant is responsive.
2024-05-28 00:06:16 - Home Assistant is responsive.
2024-05-28 00:11:16 - Home Assistant is responsive.
2024-05-28 00:16:16 - Home Assistant is responsive.
2024-05-28 00:21:17 - Home Assistant is responsive.
2024-05-28 00:26:17 - Home Assistant is responsive.
2024-05-28 00:31:18 - Home Assistant is responsive.
2024-05-28 00:36:18 - Home Assistant is responsive.
2024-05-28 00:41:18 - Home Assistant is responsive.
2024-05-28 00:46:19 - Home Assistant is responsive.
2024-05-28 00:51:19 - Home Assistant is responsive.
2024-05-28 00:56:20 - Home Assistant is responsive.
2024-05-28 01:01:20 - Home Assistant is responsive.
2024-05-28 01:06:20 - Home Assistant is responsive.
2024-05-28 01:11:21 - Home Assistant is responsive.
2024-05-28 01:16:21 - Home Assistant is responsive.
2024-05-28 01:21:22 - Home Assistant is responsive.
2024-05-28 01:26:22 - Home Assistant is responsive.
2024-05-28 01:31:23 - Home Assistant is responsive.
2024-05-28 01:36:23 - Home Assistant is responsive.
2024-05-28 01:41:23 - Home Assistant is responsive.
2024-05-28 01:46:24 - Home Assistant is responsive.
2024-05-28 01:51:24 - Home Assistant is responsive.
2024-05-28 01:56:25 - Home Assistant is responsive.
2024-05-28 02:01:25 - Home Assistant is responsive.
2024-05-28 02:06:26 - Home Assistant is responsive.
2024-05-28 02:11:26 - Home Assistant is responsive.
2024-05-28 02:16:26 - Home Assistant is responsive.
2024-05-28 02:21:27 - Home Assistant is responsive.
2024-05-28 02:26:27 - Home Assistant is responsive.
2024-05-28 02:31:28 - Home Assistant is responsive.
2024-05-28 02:36:28 - Home Assistant is responsive.
2024-05-28 02:41:28 - Home Assistant is responsive.
2024-05-28 02:46:29 - Home Assistant is responsive.
2024-05-28 02:51:29 - Home Assistant is responsive.
2024-05-28 02:56:30 - Home Assistant is responsive.
2024-05-28 03:01:30 - Home Assistant is responsive.
2024-05-28 03:06:30 - Home Assistant is responsive.
2024-05-28 03:11:31 - Home Assistant is responsive.
2024-05-28 03:16:31 - Home Assistant is responsive.
2024-05-28 03:21:32 - Home Assistant is responsive.
2024-05-28 03:26:32 - Home Assistant is responsive.
2024-05-28 03:31:32 - Home Assistant is responsive.
2024-05-28 03:36:33 - Home Assistant is responsive.
2024-05-28 03:41:33 - Home Assistant is responsive.
2024-05-28 03:46:34 - Home Assistant is responsive.
2024-05-28 03:51:44 - Home Assistant is unresponsive. Restarting the VM.
2024-05-28 03:51:44 - Attempting to restart VirtualBox VM: Home Assistant
2024-05-28 03:52:21 - Successfully restarted VirtualBox VM: Home Assistant
2024-05-28 03:54:18 - Notification sent: harestart - Home Assistant restarted
2024-05-28 03:59:18 - Home Assistant is responsive.
2024-05-28 04:04:19 - Home Assistant is responsive.
2024-05-28 04:09:19 - Home Assistant is responsive.
2024-05-28 04:14:19 - Home Assistant is responsive.
2024-05-28 04:19:20 - Home Assistant is responsive.
2024-05-28 04:24:20 - Home Assistant is responsive.
2024-05-28 04:29:21 - Home Assistant is responsive.
2024-05-28 04:34:21 - Home Assistant is responsive.
2024-05-28 04:39:21 - Home Assistant is responsive.
2024-05-28 04:44:22 - Home Assistant is responsive.
2024-05-28 04:49:22 - Home Assistant is responsive.
2024-05-28 04:54:23 - Home Assistant is responsive.
2024-05-28 04:59:23 - Home Assistant is responsive.
2024-05-28 05:04:24 - Home Assistant is responsive.
2024-05-28 05:09:24 - Home Assistant is responsive.
2024-05-28 05:12:53 - Home Assistant monitoring script started.
2024-05-28 05:12:55 - Failed to send notification: launched - Script launched. Retrying in 10 seconds...
2024-05-28 05:13:08 - Failed to send notification: launched - Script launched. Retrying in 10 seconds...
2024-05-28 05:46:42 - Home Assistant monitoring script started.
2024-05-28 05:51:42 - Notification sent: launched - Script launched
2024-05-28 05:51:42 - Home Assistant is responsive.
2024-05-28 05:56:43 - Home Assistant is responsive.
2024-05-28 06:01:43 - Home Assistant is responsive.
2024-05-28 06:06:43 - Home Assistant is responsive.
2024-05-28 06:08:21 - Home Assistant monitoring script started.
2024-05-28 06:08:21 - Notification sent: launched - Script launched
2024-05-28 06:08:22 - Home Assistant is responsive at startup.
2024-05-28 06:08:22 - Home Assistant is responsive.
2024-05-28 06:12:39 - Manual shutdown triggered.
2024-05-28 06:12:39 - Shutting down VirtualBox VM: Home Assistant
2024-05-28 06:12:39 - VM Home Assistant shutdown initiated.
2024-05-28 06:12:39 - Notification sent: shutdown - Home Assistant VM is shutting down
2024-05-28 06:16:21 - Home Assistant monitoring script started.
2024-05-28 06:16:23 - Failed to send notification: launched - Script launched. Retrying in 10 seconds...
2024-05-28 06:16:36 - Failed to send notification: launched - Script launched. Retrying in 10 seconds...
2024-05-28 06:28:47 - Home Assistant monitoring script started.
2024-05-28 06:28:49 - Error sending notification: launched - Script launched. Error: The remote name could not be resolved: 'homeassistant.local'
2024-05-28 06:28:52 - Home Assistant is not responsive at startup.
2024-05-28 06:28:52 - Home Assistant did not become responsive after waiting. Restarting the VM.
2024-05-28 06:28:52 - Attempting to restart VirtualBox VM: Home Assistant
2024-05-28 06:29:29 - Successfully restarted VirtualBox VM: Home Assistant
2024-05-28 06:31:20 - Home Assistant became responsive at 2024-05-28 06:29:29
2024-05-28 06:36:20 - Notification sent: harestart - Home Assistant restarted at 2024-05-28 06:29:29
2024-05-28 06:36:20 - Home Assistant is responsive.
2024-05-28 06:41:21 - Home Assistant is responsive.
2024-05-28 06:46:21 - Home Assistant is responsive.
2024-05-28 06:51:21 - Home Assistant is responsive.
2024-05-28 06:56:22 - Home Assistant is responsive.
2024-05-28 07:01:22 - Home Assistant is responsive.
2024-05-28 07:06:23 - Home Assistant is responsive.
